<?xml version="1.0" encoding="UTF-8"?>
<!-- Generated by org.testng.reporters.JUnitXMLReporter -->
<testsuite ignored="0" hostname="DESKTOP-P30GLT5" failures="0" tests="6" name="Default test" time="0.076" errors="0" timestamp="2022-10-10T13:18:41 CDT">
  <testcase classname="seleniumtraining.testpriority" name="atest3" time="0.01"/>
  <testcase classname="seleniumtraining.testpriority" name="abc" time="0.002"/>
  <testcase classname="seleniumtraining.testpriority" name="hyz" time="0.002"/>
  <testcase classname="seleniumtraining.testpriority" name="test1" time="0.001"/>
  <testcase classname="seleniumtraining.testpriority" name="xyz" time="0.002"/>
  <testcase classname="seleniumtraining.testpriority" name="test2" time="0.002"/>
</testsuite> <!-- Default test -->
