<?xml version="1.0" encoding="UTF-8"?>
<testng-results ignored="0" total="6" passed="6" failed="0" skipped="0">
  <reporter-output>
  </reporter-output>
  <suite started-at="2022-10-10T13:18:41 CDT" name="Default suite" finished-at="2022-10-10T13:18:41 CDT" duration-ms="76">
    <groups>
    </groups>
    <test started-at="2022-10-10T13:18:41 CDT" name="Default test" finished-at="2022-10-10T13:18:41 CDT" duration-ms="76">
      <class name="seleniumtraining.testpriority">
        <test-method signature="atest3()[pri:0, instance:seleniumtraining.testpriority@28eaa59a]" started-at="2022-10-10T13:18:41 CDT" name="atest3" finished-at="2022-10-10T13:18:41 CDT" duration-ms="10" status="PASS">
          <reporter-output>
          </reporter-output>
        </test-method> <!-- atest3 -->
        <test-method signature="abc()[pri:1, instance:seleniumtraining.testpriority@28eaa59a]" started-at="2022-10-10T13:18:41 CDT" name="abc" finished-at="2022-10-10T13:18:41 CDT" duration-ms="2" status="PASS">
          <reporter-output>
          </reporter-output>
        </test-method> <!-- abc -->
        <test-method signature="hyz()[pri:1, instance:seleniumtraining.testpriority@28eaa59a]" started-at="2022-10-10T13:18:41 CDT" name="hyz" finished-at="2022-10-10T13:18:41 CDT" duration-ms="2" status="PASS">
          <reporter-output>
          </reporter-output>
        </test-method> <!-- hyz -->
        <test-method signature="test1()[pri:1, instance:seleniumtraining.testpriority@28eaa59a]" started-at="2022-10-10T13:18:41 CDT" name="test1" finished-at="2022-10-10T13:18:41 CDT" duration-ms="1" status="PASS">
          <reporter-output>
          </reporter-output>
        </test-method> <!-- test1 -->
        <test-method signature="xyz()[pri:1, instance:seleniumtraining.testpriority@28eaa59a]" started-at="2022-10-10T13:18:41 CDT" name="xyz" finished-at="2022-10-10T13:18:41 CDT" duration-ms="2" status="PASS">
          <reporter-output>
          </reporter-output>
        </test-method> <!-- xyz -->
        <test-method signature="test2()[pri:3, instance:seleniumtraining.testpriority@28eaa59a]" started-at="2022-10-10T13:18:41 CDT" name="test2" finished-at="2022-10-10T13:18:41 CDT" duration-ms="2" status="PASS">
          <reporter-output>
          </reporter-output>
        </test-method> <!-- test2 -->
      </class> <!-- seleniumtraining.testpriority -->
    </test> <!-- Default test -->
  </suite> <!-- Default suite -->
</testng-results>
